android/app/build/intermediates/manifest_merge_blame_file/release/processReleaseMainManifest/manifest-merger-blame-release-report.txt
1<?xml version="1.0" encoding="utf-8"?>
2<manifest xmlns:android="http://schemas.android.com/apk/res/android"
3    package="com.example.juantap"
4    android:versionCode="1"
5    android:versionName="1.0" >
6
7    <uses-sdk
8        android:minSdkVersion="26"
9        android:targetSdkVersion="35" />
10
11    <uses-permission android:name="android.permission.ACCESS_FINE_LOCATION" />
11-->src\main\AndroidManifest.xml:2:5-79
11-->src\main\AndroidManifest.xml:2:22-76
12    <uses-permission android:name="android.permission.ACCESS_COARSE_LOCATION" />
12-->src\main\AndroidManifest.xml:3:5-81
12-->src\main\AndroidManifest.xml:3:22-78
13    <uses-permission android:name="android.permission.ACCESS_BACKGROUND_LOCATION" />
13-->src\main\AndroidManifest.xml:4:5-84
13-->src\main\AndroidManifest.xml:4:22-82
14    <uses-permission android:name="android.permission.RECORD_AUDIO" />
14-->src\main\AndroidManifest.xml:5:5-70
14-->src\main\AndroidManifest.xml:5:22-68
15    <uses-permission android:name="android.permission.FOREGROUND_SERVICE" />
15-->src\main\AndroidManifest.xml:6:5-76
15-->src\main\AndroidManifest.xml:6:22-74
16    <!--
17         Required to query activities that can process text, see:
18         https://developer.android.com/training/package-visibility and
19         https://developer.android.com/reference/android/content/Intent#ACTION_PROCESS_TEXT.
20
21         In particular, this is used by the Flutter engine in io.flutter.plugin.text.ProcessTextPlugin.
22    -->
23    <queries>
23-->src\main\AndroidManifest.xml:48:5-53:15
24        <intent>
24-->src\main\AndroidManifest.xml:49:9-52:18
25            <action android:name="android.intent.action.PROCESS_TEXT" />
25-->src\main\AndroidManifest.xml:50:13-72
25-->src\main\AndroidManifest.xml:50:21-70
26
27            <data android:mimeType="text/plain" />
27-->src\main\AndroidManifest.xml:51:13-50
27-->src\main\AndroidManifest.xml:51:19-48
28        </intent>
29        <intent>
29-->[:file_picker] AndroidManifest.xml:8:9-12:18
30            <action android:name="android.intent.action.GET_CONTENT" />
30-->[:file_picker] AndroidManifest.xml:9:13-72
30-->[:file_picker] AndroidManifest.xml:9:21-69
31
32            <data android:mimeType="*/*" />
32-->src\main\AndroidManifest.xml:51:13-50
32-->src\main\AndroidManifest.xml:51:19-48
33        </intent> <!-- Needs to be explicitly declared on Android R+ -->
34        <package android:name="com.google.android.apps.maps" />
34-->[com.google.android.gms:play-services-maps:18.2.0] AndroidManifest.xml:33:9-64
34-->[com.google.android.gms:play-services-maps:18.2.0] AndroidManifest.xml:33:18-61
35    </queries>
36
37    <uses-permission android:name="android.permission.INTERNET" />
37-->[com.google.firebase:firebase-auth:23.2.1] AndroidManifest.xml:25:5-67
37-->[com.google.firebase:firebase-auth:23.2.1] AndroidManifest.xml:25:22-64
38    <uses-permission android:name="android.permission.ACCESS_NETWORK_STATE" />
38-->[com.google.firebase:firebase-auth:23.2.1] AndroidManifest.xml:26:5-79
38-->[com.google.firebase:firebase-auth:23.2.1] AndroidManifest.xml:26:22-76
39    <uses-permission android:name="android.permission.WAKE_LOCK" />
39-->[com.google.android.gms:play-services-measurement-api:22.5.0] AndroidManifest.xml:24:5-68
39-->[com.google.android.gms:play-services-measurement-api:22.5.0] AndroidManifest.xml:24:22-65
40    <uses-permission android:name="com.google.android.gms.permission.AD_ID" />
40-->[com.google.android.gms:play-services-measurement-api:22.5.0] AndroidManifest.xml:25:5-79
40-->[com.google.android.gms:play-services-measurement-api:22.5.0] AndroidManifest.xml:25:22-76
41    <uses-permission android:name="android.permission.ACCESS_ADSERVICES_ATTRIBUTION" />
41-->[com.google.android.gms:play-services-measurement-api:22.5.0] AndroidManifest.xml:26:5-88
41-->[com.google.android.gms:play-services-measurement-api:22.5.0] AndroidManifest.xml:26:22-85
42    <uses-permission android:name="android.permission.ACCESS_ADSERVICES_AD_ID" />
42-->[com.google.android.gms:play-services-measurement-api:22.5.0] AndroidManifest.xml:27:5-82
42-->[com.google.android.gms:play-services-measurement-api:22.5.0] AndroidManifest.xml:27:22-79
43    <uses-permission android:name="android.permission.RECEIVE_BOOT_COMPLETED" />
43-->[:flutter_background_service_android] AndroidManifest.xml:8:5-81
43-->[:flutter_background_service_android] AndroidManifest.xml:8:22-78
44    <uses-permission android:name="android.permission.VIBRATE" />
44-->[:vibration] AndroidManifest.xml:7:5-66
44-->[:vibration] AndroidManifest.xml:7:22-63
45
46    <uses-feature
46-->[com.google.android.gms:play-services-maps:18.2.0] AndroidManifest.xml:26:5-28:35
47        android:glEsVersion="0x00020000"
47-->[com.google.android.gms:play-services-maps:18.2.0] AndroidManifest.xml:27:9-41
48        android:required="true" />
48-->[com.google.android.gms:play-services-maps:18.2.0] AndroidManifest.xml:28:9-32
49
50    <uses-permission android:name="com.google.android.providers.gsf.permission.READ_GSERVICES" />
50-->[com.google.android.recaptcha:recaptcha:18.6.1] AndroidManifest.xml:9:5-98
50-->[com.google.android.recaptcha:recaptcha:18.6.1] AndroidManifest.xml:9:22-95
51    <uses-permission android:name="com.google.android.finsky.permission.BIND_GET_INSTALL_REFERRER_SERVICE" />
51-->[com.google.android.gms:play-services-measurement:22.5.0] AndroidManifest.xml:26:5-110
51-->[com.google.android.gms:play-services-measurement:22.5.0] AndroidManifest.xml:26:22-107
52
53    <permission
53-->[androidx.core:core:1.13.1] AndroidManifest.xml:22:5-24:47
54        android:name="com.example.juantap.DYNAMIC_RECEIVER_NOT_EXPORTED_PERMISSION"
54-->[androidx.core:core:1.13.1] AndroidManifest.xml:23:9-81
55        android:protectionLevel="signature" />
55-->[androidx.core:core:1.13.1] AndroidManifest.xml:24:9-44
56
57    <uses-permission android:name="com.example.juantap.DYNAMIC_RECEIVER_NOT_EXPORTED_PERMISSION" />
57-->[androidx.core:core:1.13.1] AndroidManifest.xml:26:5-97
57-->[androidx.core:core:1.13.1] AndroidManifest.xml:26:22-94
58
59    <application
60        android:name="android.app.Application"
60-->src\main\AndroidManifest.xml:10:9-42
61        android:appComponentFactory="androidx.core.app.CoreComponentFactory"
61-->[androidx.core:core:1.13.1] AndroidManifest.xml:28:18-86
62        android:extractNativeLibs="false"
63        android:icon="@mipmap/launcher_icon"
63-->src\main\AndroidManifest.xml:11:9-45
64        android:label="juantap" >
64-->src\main\AndroidManifest.xml:9:9-32
65        <activity
65-->src\main\AndroidManifest.xml:12:9-33:20
66            android:name="com.example.juantap.MainActivity"
66-->src\main\AndroidManifest.xml:13:13-41
67            android:configChanges="orientation|keyboardHidden|keyboard|screenSize|smallestScreenSize|locale|layoutDirection|fontScale|screenLayout|density|uiMode"
67-->src\main\AndroidManifest.xml:18:13-163
68            android:exported="true"
68-->src\main\AndroidManifest.xml:14:13-36
69            android:hardwareAccelerated="true"
69-->src\main\AndroidManifest.xml:19:13-47
70            android:launchMode="singleTop"
70-->src\main\AndroidManifest.xml:15:13-43
71            android:taskAffinity=""
71-->src\main\AndroidManifest.xml:16:13-36
72            android:theme="@style/LaunchTheme"
72-->src\main\AndroidManifest.xml:17:13-47
73            android:windowSoftInputMode="adjustResize" >
73-->src\main\AndroidManifest.xml:20:13-55
74
75            <!--
76                 Specifies an Android theme to apply to this Activity as soon as
77                 the Android process has started. This theme is visible to the user
78                 while the Flutter UI initializes. After that, this theme continues
79                 to determine the Window background behind the Flutter UI.
80            -->
81            <meta-data
81-->src\main\AndroidManifest.xml:25:13-28:17
82                android:name="io.flutter.embedding.android.NormalTheme"
82-->src\main\AndroidManifest.xml:26:15-70
83                android:resource="@style/NormalTheme" />
83-->src\main\AndroidManifest.xml:27:15-52
84
85            <intent-filter>
85-->src\main\AndroidManifest.xml:29:13-32:29
86                <action android:name="android.intent.action.MAIN" />
86-->src\main\AndroidManifest.xml:30:17-68
86-->src\main\AndroidManifest.xml:30:25-66
87
88                <category android:name="android.intent.category.LAUNCHER" />
88-->src\main\AndroidManifest.xml:31:17-76
88-->src\main\AndroidManifest.xml:31:27-74
89            </intent-filter>
90        </activity>
91        <!--
92             Don't delete the meta-data below.
93             This is used by the Flutter tool to generate GeneratedPluginRegistrant.java
94        -->
95        <meta-data
95-->src\main\AndroidManifest.xml:36:9-38:33
96            android:name="flutterEmbedding"
96-->src\main\AndroidManifest.xml:37:13-44
97            android:value="2" />
97-->src\main\AndroidManifest.xml:38:13-30
98        <meta-data
98-->src\main\AndroidManifest.xml:39:9-41:70
99            android:name="com.google.android.geo.API_KEY"
99-->src\main\AndroidManifest.xml:40:13-58
100            android:value="AIzaSyCnHDdDupstvWoU408P-OcsO0-UMg7mDxs" />
100-->src\main\AndroidManifest.xml:41:13-68
101
102        <service
102-->[:location] AndroidManifest.xml:11:9-15:56
103            android:name="com.lyokone.location.FlutterLocationService"
103-->[:location] AndroidManifest.xml:12:13-71
104            android:enabled="true"
104-->[:location] AndroidManifest.xml:13:13-35
105            android:exported="false"
105-->[:location] AndroidManifest.xml:14:13-37
106            android:foregroundServiceType="location" />
106-->[:location] AndroidManifest.xml:15:13-53
107        <service
107-->[:firebase_app_check] AndroidManifest.xml:8:9-12:19
108            android:name="com.google.firebase.components.ComponentDiscoveryService"
108-->[:firebase_app_check] AndroidManifest.xml:8:18-89
109            android:directBootAware="true"
109-->[com.google.firebase:firebase-common:21.0.0] AndroidManifest.xml:32:13-43
110            android:exported="false" >
110-->[com.google.firebase:firebase-database-ktx:21.0.0] AndroidManifest.xml:11:13-37
111            <meta-data
111-->[:firebase_app_check] AndroidManifest.xml:9:13-11:85
112                android:name="com.google.firebase.components:io.flutter.plugins.firebase.appcheck.FlutterFirebaseAppRegistrar"
112-->[:firebase_app_check] AndroidManifest.xml:10:17-127
113                android:value="com.google.firebase.components.ComponentRegistrar" />
113-->[:firebase_app_check] AndroidManifest.xml:11:17-82
114            <meta-data
114-->[:firebase_auth] AndroidManifest.xml:9:13-11:85
115                android:name="com.google.firebase.components:io.flutter.plugins.firebase.auth.FlutterFirebaseAuthRegistrar"
115-->[:firebase_auth] AndroidManifest.xml:10:17-124
116                android:value="com.google.firebase.components.ComponentRegistrar" />
116-->[:firebase_auth] AndroidManifest.xml:11:17-82
117            <meta-data
117-->[:firebase_database] AndroidManifest.xml:9:13-11:85
118                android:name="com.google.firebase.components:io.flutter.plugins.firebase.database.FlutterFirebaseAppRegistrar"
118-->[:firebase_database] AndroidManifest.xml:10:17-127
119                android:value="com.google.firebase.components.ComponentRegistrar" />
119-->[:firebase_database] AndroidManifest.xml:11:17-82
120            <meta-data
120-->[:firebase_storage] AndroidManifest.xml:9:13-11:85
121                android:name="com.google.firebase.components:io.flutter.plugins.firebase.storage.FlutterFirebaseAppRegistrar"
121-->[:firebase_storage] AndroidManifest.xml:10:17-126
122                android:value="com.google.firebase.components.ComponentRegistrar" />
122-->[:firebase_storage] AndroidManifest.xml:11:17-82
123            <meta-data
123-->[:firebase_core] AndroidManifest.xml:9:13-11:85
124                android:name="com.google.firebase.components:io.flutter.plugins.firebase.core.FlutterFirebaseCoreRegistrar"
124-->[:firebase_core] AndroidManifest.xml:10:17-124
125                android:value="com.google.firebase.components.ComponentRegistrar" />
125-->[:firebase_core] AndroidManifest.xml:11:17-82
126            <meta-data
126-->[com.google.firebase:firebase-database-ktx:21.0.0] AndroidManifest.xml:12:13-14:85
127                android:name="com.google.firebase.components:com.google.firebase.database.ktx.FirebaseDatabaseLegacyRegistrar"
127-->[com.google.firebase:firebase-database-ktx:21.0.0] AndroidManifest.xml:13:17-127
128                android:value="com.google.firebase.components.ComponentRegistrar" />
128-->[com.google.firebase:firebase-database-ktx:21.0.0] AndroidManifest.xml:14:17-82
129            <meta-data
129-->[com.google.firebase:firebase-analytics-ktx:22.5.0] AndroidManifest.xml:11:13-13:85
130                android:name="com.google.firebase.components:com.google.firebase.analytics.ktx.FirebaseAnalyticsLegacyRegistrar"
130-->[com.google.firebase:firebase-analytics-ktx:22.5.0] AndroidManifest.xml:12:17-129
131                android:value="com.google.firebase.components.ComponentRegistrar" />
131-->[com.google.firebase:firebase-analytics-ktx:22.5.0] AndroidManifest.xml:13:17-82
132            <meta-data
132-->[com.google.firebase:firebase-appcheck-debug:18.0.0] AndroidManifest.xml:25:13-27:85
133                android:name="com.google.firebase.components:com.google.firebase.appcheck.debug.FirebaseAppCheckDebugRegistrar"
133-->[com.google.firebase:firebase-appcheck-debug:18.0.0] AndroidManifest.xml:26:17-128
134                android:value="com.google.firebase.components.ComponentRegistrar" />
134-->[com.google.firebase:firebase-appcheck-debug:18.0.0] AndroidManifest.xml:27:17-82
135            <meta-data
135-->[com.google.firebase:firebase-appcheck-playintegrity:18.0.0] AndroidManifest.xml:25:13-27:85
136                android:name="com.google.firebase.components:com.google.firebase.appcheck.playintegrity.FirebaseAppCheckPlayIntegrityRegistrar"
136-->[com.google.firebase:firebase-appcheck-playintegrity:18.0.0] AndroidManifest.xml:26:17-144
137                android:value="com.google.firebase.components.ComponentRegistrar" />
137-->[com.google.firebase:firebase-appcheck-playintegrity:18.0.0] AndroidManifest.xml:27:17-82
138            <meta-data
138-->[com.google.firebase:firebase-auth:23.2.1] AndroidManifest.xml:69:13-71:85
139                android:name="com.google.firebase.components:com.google.firebase.auth.FirebaseAuthRegistrar"
139-->[com.google.firebase:firebase-auth:23.2.1] AndroidManifest.xml:70:17-109
140                android:value="com.google.firebase.components.ComponentRegistrar" />
140-->[com.google.firebase:firebase-auth:23.2.1] AndroidManifest.xml:71:17-82
141            <meta-data
141-->[com.google.firebase:firebase-database:21.0.0] AndroidManifest.xml:29:13-31:85
142                android:name="com.google.firebase.components:com.google.firebase.database.FirebaseDatabaseKtxRegistrar"
142-->[com.google.firebase:firebase-database:21.0.0] AndroidManifest.xml:30:17-120
143                android:value="com.google.firebase.components.ComponentRegistrar" />
143-->[com.google.firebase:firebase-database:21.0.0] AndroidManifest.xml:31:17-82
144            <meta-data
144-->[com.google.firebase:firebase-database:21.0.0] AndroidManifest.xml:32:13-34:85
145                android:name="com.google.firebase.components:com.google.firebase.database.DatabaseRegistrar"
145-->[com.google.firebase:firebase-database:21.0.0] AndroidManifest.xml:33:17-109
146                android:value="com.google.firebase.components.ComponentRegistrar" />
146-->[com.google.firebase:firebase-database:21.0.0] AndroidManifest.xml:34:17-82
147            <meta-data
147-->[com.google.firebase:firebase-storage:21.0.2] AndroidManifest.xml:30:13-32:85
148                android:name="com.google.firebase.components:com.google.firebase.storage.FirebaseStorageKtxRegistrar"
148-->[com.google.firebase:firebase-storage:21.0.2] AndroidManifest.xml:31:17-118
149                android:value="com.google.firebase.components.ComponentRegistrar" />
149-->[com.google.firebase:firebase-storage:21.0.2] AndroidManifest.xml:32:17-82
150            <meta-data
150-->[com.google.firebase:firebase-storage:21.0.2] AndroidManifest.xml:33:13-35:85
151                android:name="com.google.firebase.components:com.google.firebase.storage.StorageRegistrar"
151-->[com.google.firebase:firebase-storage:21.0.2] AndroidManifest.xml:34:17-107
152                android:value="com.google.firebase.components.ComponentRegistrar" />
152-->[com.google.firebase:firebase-storage:21.0.2] AndroidManifest.xml:35:17-82
153            <meta-data
153-->[com.google.firebase:firebase-appcheck-safetynet:16.1.2] AndroidManifest.xml:27:13-29:85
154                android:name="com.google.firebase.components:com.google.firebase.appcheck.safetynet.FirebaseAppCheckSafetyNetRegistrar"
154-->[com.google.firebase:firebase-appcheck-safetynet:16.1.2] AndroidManifest.xml:28:17-136
155                android:value="com.google.firebase.components.ComponentRegistrar" />
155-->[com.google.firebase:firebase-appcheck-safetynet:16.1.2] AndroidManifest.xml:29:17-82
156            <meta-data
156-->[com.google.firebase:firebase-appcheck:18.0.0] AndroidManifest.xml:25:13-27:85
157                android:name="com.google.firebase.components:com.google.firebase.appcheck.FirebaseAppCheckKtxRegistrar"
157-->[com.google.firebase:firebase-appcheck:18.0.0] AndroidManifest.xml:26:17-120
158                android:value="com.google.firebase.components.ComponentRegistrar" />
158-->[com.google.firebase:firebase-appcheck:18.0.0] AndroidManifest.xml:27:17-82
159            <meta-data
159-->[com.google.firebase:firebase-appcheck:18.0.0] AndroidManifest.xml:28:13-30:85
160                android:name="com.google.firebase.components:com.google.firebase.appcheck.FirebaseAppCheckRegistrar"
160-->[com.google.firebase:firebase-appcheck:18.0.0] AndroidManifest.xml:29:17-117
161                android:value="com.google.firebase.components.ComponentRegistrar" />
161-->[com.google.firebase:firebase-appcheck:18.0.0] AndroidManifest.xml:30:17-82
162            <meta-data
162-->[com.google.android.gms:play-services-measurement-api:22.5.0] AndroidManifest.xml:33:13-35:85
163                android:name="com.google.firebase.components:com.google.firebase.analytics.connector.internal.AnalyticsConnectorRegistrar"
163-->[com.google.android.gms:play-services-measurement-api:22.5.0] AndroidManifest.xml:34:17-139
164                android:value="com.google.firebase.components.ComponentRegistrar" />
164-->[com.google.android.gms:play-services-measurement-api:22.5.0] AndroidManifest.xml:35:17-82
165            <meta-data
165-->[com.google.firebase:firebase-installations:18.0.0] AndroidManifest.xml:15:13-17:85
166                android:name="com.google.firebase.components:com.google.firebase.installations.FirebaseInstallationsKtxRegistrar"
166-->[com.google.firebase:firebase-installations:18.0.0] AndroidManifest.xml:16:17-130
167                android:value="com.google.firebase.components.ComponentRegistrar" />
167-->[com.google.firebase:firebase-installations:18.0.0] AndroidManifest.xml:17:17-82
168            <meta-data
168-->[com.google.firebase:firebase-installations:18.0.0] AndroidManifest.xml:18:13-20:85
169                android:name="com.google.firebase.components:com.google.firebase.installations.FirebaseInstallationsRegistrar"
169-->[com.google.firebase:firebase-installations:18.0.0] AndroidManifest.xml:19:17-127
170                android:value="com.google.firebase.components.ComponentRegistrar" />
170-->[com.google.firebase:firebase-installations:18.0.0] AndroidManifest.xml:20:17-82
171            <meta-data
171-->[com.google.firebase:firebase-common-ktx:21.0.0] AndroidManifest.xml:12:13-14:85
172                android:name="com.google.firebase.components:com.google.firebase.ktx.FirebaseCommonLegacyRegistrar"
172-->[com.google.firebase:firebase-common-ktx:21.0.0] AndroidManifest.xml:13:17-116
173                android:value="com.google.firebase.components.ComponentRegistrar" />
173-->[com.google.firebase:firebase-common-ktx:21.0.0] AndroidManifest.xml:14:17-82
174            <meta-data
174-->[com.google.firebase:firebase-common:21.0.0] AndroidManifest.xml:35:13-37:85
175                android:name="com.google.firebase.components:com.google.firebase.FirebaseCommonKtxRegistrar"
175-->[com.google.firebase:firebase-common:21.0.0] AndroidManifest.xml:36:17-109
176                android:value="com.google.firebase.components.ComponentRegistrar" />
176-->[com.google.firebase:firebase-common:21.0.0] AndroidManifest.xml:37:17-82
177        </service>
178
179        <activity
179-->[com.google.firebase:firebase-auth:23.2.1] AndroidManifest.xml:29:9-46:20
180            android:name="com.google.firebase.auth.internal.GenericIdpActivity"
180-->[com.google.firebase:firebase-auth:23.2.1] AndroidManifest.xml:30:13-80
181            android:excludeFromRecents="true"
181-->[com.google.firebase:firebase-auth:23.2.1] AndroidManifest.xml:31:13-46
182            android:exported="true"
182-->[com.google.firebase:firebase-auth:23.2.1] AndroidManifest.xml:32:13-36
183            android:launchMode="singleTask"
183-->[com.google.firebase:firebase-auth:23.2.1] AndroidManifest.xml:33:13-44
184            android:theme="@android:style/Theme.Translucent.NoTitleBar" >
184-->[com.google.firebase:firebase-auth:23.2.1] AndroidManifest.xml:34:13-72
185            <intent-filter>
185-->[com.google.firebase:firebase-auth:23.2.1] AndroidManifest.xml:35:13-45:29
186                <action android:name="android.intent.action.VIEW" />
186-->[com.google.firebase:firebase-auth:23.2.1] AndroidManifest.xml:36:17-69
186-->[com.google.firebase:firebase-auth:23.2.1] AndroidManifest.xml:36:25-66
187
188                <category android:name="android.intent.category.DEFAULT" />
188-->[com.google.firebase:firebase-auth:23.2.1] AndroidManifest.xml:38:17-76
188-->[com.google.firebase:firebase-auth:23.2.1] AndroidManifest.xml:38:27-73
189                <category android:name="android.intent.category.BROWSABLE" />
189-->[com.google.firebase:firebase-auth:23.2.1] AndroidManifest.xml:39:17-78
189-->[com.google.firebase:firebase-auth:23.2.1] AndroidManifest.xml:39:27-75
190
191                <data
191-->src\main\AndroidManifest.xml:51:13-50
192                    android:host="firebase.auth"
193                    android:path="/"
194                    android:scheme="genericidp" />
195            </intent-filter>
196        </activity>
197        <activity
197-->[com.google.firebase:firebase-auth:23.2.1] AndroidManifest.xml:47:9-64:20
198            android:name="com.google.firebase.auth.internal.RecaptchaActivity"
198-->[com.google.firebase:firebase-auth:23.2.1] AndroidManifest.xml:48:13-79
199            android:excludeFromRecents="true"
199-->[com.google.firebase:firebase-auth:23.2.1] AndroidManifest.xml:49:13-46
200            android:exported="true"
200-->[com.google.firebase:firebase-auth:23.2.1] AndroidManifest.xml:50:13-36
201            android:launchMode="singleTask"
201-->[com.google.firebase:firebase-auth:23.2.1] AndroidManifest.xml:51:13-44
202            android:theme="@android:style/Theme.Translucent.NoTitleBar" >
202-->[com.google.firebase:firebase-auth:23.2.1] AndroidManifest.xml:52:13-72
203            <intent-filter>
203-->[com.google.firebase:firebase-auth:23.2.1] AndroidManifest.xml:53:13-63:29
204                <action android:name="android.intent.action.VIEW" />
204-->[com.google.firebase:firebase-auth:23.2.1] AndroidManifest.xml:36:17-69
204-->[com.google.firebase:firebase-auth:23.2.1] AndroidManifest.xml:36:25-66
205
206                <category android:name="android.intent.category.DEFAULT" />
206-->[com.google.firebase:firebase-auth:23.2.1] AndroidManifest.xml:38:17-76
206-->[com.google.firebase:firebase-auth:23.2.1] AndroidManifest.xml:38:27-73
207                <category android:name="android.intent.category.BROWSABLE" />
207-->[com.google.firebase:firebase-auth:23.2.1] AndroidManifest.xml:39:17-78
207-->[com.google.firebase:firebase-auth:23.2.1] AndroidManifest.xml:39:27-75
208
209                <data
209-->src\main\AndroidManifest.xml:51:13-50
210                    android:host="firebase.auth"
211                    android:path="/"
212                    android:scheme="recaptcha" />
213            </intent-filter>
214        </activity>
215
216        <service
216-->[:geolocator_android] AndroidManifest.xml:8:9-12:56
217            android:name="com.baseflow.geolocator.GeolocatorLocationService"
217-->[:geolocator_android] AndroidManifest.xml:9:13-77
218            android:enabled="true"
218-->[:geolocator_android] AndroidManifest.xml:10:13-35
219            android:exported="false"
219-->[:geolocator_android] AndroidManifest.xml:11:13-37
220            android:foregroundServiceType="location" />
220-->[:geolocator_android] AndroidManifest.xml:12:13-53
221        <service
221-->[:flutter_background_service_android] AndroidManifest.xml:12:9-16:44
222            android:name="id.flutter.flutter_background_service.BackgroundService"
222-->[:flutter_background_service_android] AndroidManifest.xml:13:13-83
223            android:enabled="true"
223-->[:flutter_background_service_android] AndroidManifest.xml:14:13-35
224            android:exported="true"
224-->[:flutter_background_service_android] AndroidManifest.xml:15:13-36
225            android:stopWithTask="false" />
225-->[:flutter_background_service_android] AndroidManifest.xml:16:13-41
226
227        <receiver
227-->[:flutter_background_service_android] AndroidManifest.xml:18:9-21:39
228            android:name="id.flutter.flutter_background_service.WatchdogReceiver"
228-->[:flutter_background_service_android] AndroidManifest.xml:19:13-82
229            android:enabled="true"
229-->[:flutter_background_service_android] AndroidManifest.xml:20:13-35
230            android:exported="true" />
230-->[:flutter_background_service_android] AndroidManifest.xml:21:13-36
231        <receiver
231-->[:flutter_background_service_android] AndroidManifest.xml:22:9-31:20
232            android:name="id.flutter.flutter_background_service.BootReceiver"
232-->[:flutter_background_service_android] AndroidManifest.xml:23:13-78
233            android:enabled="true"
233-->[:flutter_background_service_android] AndroidManifest.xml:24:13-35
234            android:exported="true" >
234-->[:flutter_background_service_android] AndroidManifest.xml:25:13-36
235            <intent-filter>
235-->[:flutter_background_service_android] AndroidManifest.xml:26:13-30:29
236                <action android:name="android.intent.action.BOOT_COMPLETED" />
236-->[:flutter_background_service_android] AndroidManifest.xml:27:17-79
236-->[:flutter_background_service_android] AndroidManifest.xml:27:25-76
237                <action android:name="android.intent.action.QUICKBOOT_POWERON" />
237-->[:flutter_background_service_android] AndroidManifest.xml:28:17-82
237-->[:flutter_background_service_android] AndroidManifest.xml:28:25-79
238                <action android:name="android.intent.action.MY_PACKAGE_REPLACED" />
238-->[:flutter_background_service_android] AndroidManifest.xml:29:17-84
238-->[:flutter_background_service_android] AndroidManifest.xml:29:25-81
239            </intent-filter>
240        </receiver>
241
242        <provider
242-->[:image_picker_android] AndroidManifest.xml:9:9-17:20
243            android:name="io.flutter.plugins.imagepicker.ImagePickerFileProvider"
243-->[:image_picker_android] AndroidManifest.xml:10:13-82
244            android:authorities="com.example.juantap.flutter.image_provider"
244-->[:image_picker_android] AndroidManifest.xml:11:13-74
245            android:exported="false"
245-->[:image_picker_android] AndroidManifest.xml:12:13-37
246            android:grantUriPermissions="true" >
246-->[:image_picker_android] AndroidManifest.xml:13:13-47
247            <meta-data
247-->[:image_picker_android] AndroidManifest.xml:14:13-16:75
248                android:name="android.support.FILE_PROVIDER_PATHS"
248-->[:image_picker_android] AndroidManifest.xml:15:17-67
249                android:resource="@xml/flutter_image_picker_file_paths" />
249-->[:image_picker_android] AndroidManifest.xml:16:17-72
250        </provider> <!-- Trigger Google Play services to install the backported photo picker module. -->
251        <service
251-->[:image_picker_android] AndroidManifest.xml:19:9-31:19
252            android:name="com.google.android.gms.metadata.ModuleDependencies"
252-->[:image_picker_android] AndroidManifest.xml:20:13-78
253            android:enabled="false"
253-->[:image_picker_android] AndroidManifest.xml:21:13-36
254            android:exported="false" >
254-->[:image_picker_android] AndroidManifest.xml:22:13-37
255            <intent-filter>
255-->[:image_picker_android] AndroidManifest.xml:24:13-26:29
256                <action android:name="com.google.android.gms.metadata.MODULE_DEPENDENCIES" />
256-->[:image_picker_android] AndroidManifest.xml:25:17-94
256-->[:image_picker_android] AndroidManifest.xml:25:25-91
257            </intent-filter>
258
259            <meta-data
259-->[:image_picker_android] AndroidManifest.xml:28:13-30:36
260                android:name="photopicker_activity:0:required"
260-->[:image_picker_android] AndroidManifest.xml:29:17-63
261                android:value="" />
261-->[:image_picker_android] AndroidManifest.xml:30:17-33
262        </service>
263
264        <activity
264-->[:url_launcher_android] AndroidManifest.xml:8:9-11:74
265            android:name="io.flutter.plugins.urllauncher.WebViewActivity"
265-->[:url_launcher_android] AndroidManifest.xml:9:13-74
266            android:exported="false"
266-->[:url_launcher_android] AndroidManifest.xml:10:13-37